[2025-03-10 20:15:35] local.ERROR: The "-s" option does not exist. {"exception":"[object] (Symfony\\Component\\Console\\Exception\\RuntimeException(code: 0): The \"-s\" option does not exist. at /var/www/html/project-e-commerce/laravel/vendor/symfony/console/Input/ArgvInput.php:122)
[stacktrace]
#0 /var/www/html/project-e-commerce/laravel/vendor/symfony/console/Input/ArgvInput.php(104): Symfony\\Component\\Console\\Input\\ArgvInput->parseShortOptionSet()
#1 /var/www/html/project-e-commerce/laravel/vendor/symfony/console/Input/ArgvInput.php(84): Symfony\\Component\\Console\\Input\\ArgvInput->parseShortOption()
#2 /var/www/html/project-e-commerce/laravel/vendor/symfony/console/Input/ArgvInput.php(71): Symfony\\Component\\Console\\Input\\ArgvInput->parseToken()
#3 /var/www/html/project-e-commerce/laravel/vendor/symfony/console/Input/Input.php(55): Symfony\\Component\\Console\\Input\\ArgvInput->parse()
#4 /var/www/html/project-e-commerce/laravel/vendor/symfony/console/Command/Command.php(257): Symfony\\Component\\Console\\Input\\Input->bind()
#5 /var/www/html/project-e-commerce/laravel/vendor/laravel/framework/src/Illuminate/Console/Command.php(120): Symfony\\Component\\Console\\Command\\Command->run()
#6 /var/www/html/project-e-commerce/laravel/vendor/symfony/console/Application.php(1040): Illuminate\\Console\\Command->run()
#7 /var/www/html/project-e-commerce/laravel/vendor/symfony/console/Application.php(301): Symfony\\Component\\Console\\Application->doRunCommand()
#8 /var/www/html/project-e-commerce/laravel/vendor/symfony/console/Application.php(171): Symfony\\Component\\Console\\Application->doRun()
#9 /var/www/html/project-e-commerce/laravel/vendor/laravel/framework/src/Illuminate/Console/Application.php(94): Symfony\\Component\\Console\\Application->run()
#10 /var/www/html/project-e-commerce/laravel/vendor/laravel/framework/src/Illuminate/Foundation/Console/Kernel.php(129): Illuminate\\Console\\Application->run()
#11 /var/www/html/project-e-commerce/laravel/artisan(35): Illuminate\\Foundation\\Console\\Kernel->handle()
#12 {main}
"} 
[2025-03-10 20:15:47] local.ERROR: Command "migrate:fresh-seed" is not defined.

Did you mean one of these?
    migrate
    migrate:fresh
    migrate:install
    migrate:refresh
    migrate:reset
    migrate:rollback
    migrate:status {"exception":"[object] (Symfony\\Component\\Console\\Exception\\CommandNotFoundException(code: 0): Command \"migrate:fresh-seed\" is not defined.

Did you mean one of these?
    migrate
    migrate:fresh
    migrate:install
    migrate:refresh
    migrate:reset
    migrate:rollback
    migrate:status at /var/www/html/project-e-commerce/laravel/vendor/symfony/console/Application.php:720)
[stacktrace]
#0 /var/www/html/project-e-commerce/laravel/vendor/symfony/console/Application.php(259): Symfony\\Component\\Console\\Application->find()
#1 /var/www/html/project-e-commerce/laravel/vendor/symfony/console/Application.php(171): Symfony\\Component\\Console\\Application->doRun()
#2 /var/www/html/project-e-commerce/laravel/vendor/laravel/framework/src/Illuminate/Console/Application.php(94): Symfony\\Component\\Console\\Application->run()
#3 /var/www/html/project-e-commerce/laravel/vendor/laravel/framework/src/Illuminate/Foundation/Console/Kernel.php(129): Illuminate\\Console\\Application->run()
#4 /var/www/html/project-e-commerce/laravel/artisan(35): Illuminate\\Foundation\\Console\\Kernel->handle()
#5 {main}
"} 
[2025-03-10 20:16:06] local.ERROR: The "-s" option does not exist. {"exception":"[object] (Symfony\\Component\\Console\\Exception\\RuntimeException(code: 0): The \"-s\" option does not exist. at /var/www/html/project-e-commerce/laravel/vendor/symfony/console/Input/ArgvInput.php:122)
[stacktrace]
#0 /var/www/html/project-e-commerce/laravel/vendor/symfony/console/Input/ArgvInput.php(104): Symfony\\Component\\Console\\Input\\ArgvInput->parseShortOptionSet()
#1 /var/www/html/project-e-commerce/laravel/vendor/symfony/console/Input/ArgvInput.php(84): Symfony\\Component\\Console\\Input\\ArgvInput->parseShortOption()
#2 /var/www/html/project-e-commerce/laravel/vendor/symfony/console/Input/ArgvInput.php(71): Symfony\\Component\\Console\\Input\\ArgvInput->parseToken()
#3 /var/www/html/project-e-commerce/laravel/vendor/symfony/console/Input/Input.php(55): Symfony\\Component\\Console\\Input\\ArgvInput->parse()
#4 /var/www/html/project-e-commerce/laravel/vendor/symfony/console/Command/Command.php(257): Symfony\\Component\\Console\\Input\\Input->bind()
#5 /var/www/html/project-e-commerce/laravel/vendor/laravel/framework/src/Illuminate/Console/Command.php(120): Symfony\\Component\\Console\\Command\\Command->run()
#6 /var/www/html/project-e-commerce/laravel/vendor/symfony/console/Application.php(1040): Illuminate\\Console\\Command->run()
#7 /var/www/html/project-e-commerce/laravel/vendor/symfony/console/Application.php(301): Symfony\\Component\\Console\\Application->doRunCommand()
#8 /var/www/html/project-e-commerce/laravel/vendor/symfony/console/Application.php(171): Symfony\\Component\\Console\\Application->doRun()
#9 /var/www/html/project-e-commerce/laravel/vendor/laravel/framework/src/Illuminate/Console/Application.php(94): Symfony\\Component\\Console\\Application->run()
#10 /var/www/html/project-e-commerce/laravel/vendor/laravel/framework/src/Illuminate/Foundation/Console/Kernel.php(129): Illuminate\\Console\\Application->run()
#11 /var/www/html/project-e-commerce/laravel/artisan(35): Illuminate\\Foundation\\Console\\Kernel->handle()
#12 {main}
"} 
[2025-03-10 20:16:18] local.ERROR: The "-S" option does not exist. {"exception":"[object] (Symfony\\Component\\Console\\Exception\\RuntimeException(code: 0): The \"-S\" option does not exist. at /var/www/html/project-e-commerce/laravel/vendor/symfony/console/Input/ArgvInput.php:122)
[stacktrace]
#0 /var/www/html/project-e-commerce/laravel/vendor/symfony/console/Input/ArgvInput.php(104): Symfony\\Component\\Console\\Input\\ArgvInput->parseShortOptionSet()
#1 /var/www/html/project-e-commerce/laravel/vendor/symfony/console/Input/ArgvInput.php(84): Symfony\\Component\\Console\\Input\\ArgvInput->parseShortOption()
#2 /var/www/html/project-e-commerce/laravel/vendor/symfony/console/Input/ArgvInput.php(71): Symfony\\Component\\Console\\Input\\ArgvInput->parseToken()
#3 /var/www/html/project-e-commerce/laravel/vendor/symfony/console/Input/Input.php(55): Symfony\\Component\\Console\\Input\\ArgvInput->parse()
#4 /var/www/html/project-e-commerce/laravel/vendor/symfony/console/Command/Command.php(257): Symfony\\Component\\Console\\Input\\Input->bind()
#5 /var/www/html/project-e-commerce/laravel/vendor/laravel/framework/src/Illuminate/Console/Command.php(120): Symfony\\Component\\Console\\Command\\Command->run()
#6 /var/www/html/project-e-commerce/laravel/vendor/symfony/console/Application.php(1040): Illuminate\\Console\\Command->run()
#7 /var/www/html/project-e-commerce/laravel/vendor/symfony/console/Application.php(301): Symfony\\Component\\Console\\Application->doRunCommand()
#8 /var/www/html/project-e-commerce/laravel/vendor/symfony/console/Application.php(171): Symfony\\Component\\Console\\Application->doRun()
#9 /var/www/html/project-e-commerce/laravel/vendor/laravel/framework/src/Illuminate/Console/Application.php(94): Symfony\\Component\\Console\\Application->run()
#10 /var/www/html/project-e-commerce/laravel/vendor/laravel/framework/src/Illuminate/Foundation/Console/Kernel.php(129): Illuminate\\Console\\Application->run()
#11 /var/www/html/project-e-commerce/laravel/artisan(35): Illuminate\\Foundation\\Console\\Kernel->handle()
#12 {main}
"} 
[2025-03-10 20:19:07] local.ERROR: The "-s" option does not exist. {"exception":"[object] (Symfony\\Component\\Console\\Exception\\RuntimeException(code: 0): The \"-s\" option does not exist. at /var/www/html/project-e-commerce/laravel/vendor/symfony/console/Input/ArgvInput.php:122)
[stacktrace]
#0 /var/www/html/project-e-commerce/laravel/vendor/symfony/console/Input/ArgvInput.php(104): Symfony\\Component\\Console\\Input\\ArgvInput->parseShortOptionSet()
#1 /var/www/html/project-e-commerce/laravel/vendor/symfony/console/Input/ArgvInput.php(84): Symfony\\Component\\Console\\Input\\ArgvInput->parseShortOption()
#2 /var/www/html/project-e-commerce/laravel/vendor/symfony/console/Input/ArgvInput.php(71): Symfony\\Component\\Console\\Input\\ArgvInput->parseToken()
#3 /var/www/html/project-e-commerce/laravel/vendor/symfony/console/Input/Input.php(55): Symfony\\Component\\Console\\Input\\ArgvInput->parse()
#4 /var/www/html/project-e-commerce/laravel/vendor/symfony/console/Command/Command.php(257): Symfony\\Component\\Console\\Input\\Input->bind()
#5 /var/www/html/project-e-commerce/laravel/vendor/laravel/framework/src/Illuminate/Console/Command.php(120): Symfony\\Component\\Console\\Command\\Command->run()
#6 /var/www/html/project-e-commerce/laravel/vendor/symfony/console/Application.php(1040): Illuminate\\Console\\Command->run()
#7 /var/www/html/project-e-commerce/laravel/vendor/symfony/console/Application.php(301): Symfony\\Component\\Console\\Application->doRunCommand()
#8 /var/www/html/project-e-commerce/laravel/vendor/symfony/console/Application.php(171): Symfony\\Component\\Console\\Application->doRun()
#9 /var/www/html/project-e-commerce/laravel/vendor/laravel/framework/src/Illuminate/Console/Application.php(94): Symfony\\Component\\Console\\Application->run()
#10 /var/www/html/project-e-commerce/laravel/vendor/laravel/framework/src/Illuminate/Foundation/Console/Kernel.php(129): Illuminate\\Console\\Application->run()
#11 /var/www/html/project-e-commerce/laravel/artisan(35): Illuminate\\Foundation\\Console\\Kernel->handle()
#12 {main}
"} 
[2025-03-10 20:23:12] local.ERROR: Class "Database\Seeders\Client" not found {"exception":"[object] (Error(code: 0): Class \"Database\\Seeders\\Client\" not found at /var/www/html/project-e-commerce/laravel/database/seeders/ClientSeeder.php:16)
[stacktrace]
#0 /var/www/html/project-e-commerce/laravel/vendor/laravel/framework/src/Illuminate/Container/BoundMethod.php(36): Database\\Seeders\\ClientSeeder->run()
#1 /var/www/html/project-e-commerce/laravel/vendor/laravel/framework/src/Illuminate/Container/Util.php(40): Illuminate\\Container\\BoundMethod::Illuminate\\Container\\{closure}()
#2 /var/www/html/project-e-commerce/laravel/vendor/laravel/framework/src/Illuminate/Container/BoundMethod.php(93): Illuminate\\Container\\Util::unwrapIfClosure()
#3 /var/www/html/project-e-commerce/laravel/vendor/laravel/framework/src/Illuminate/Container/BoundMethod.php(35): Illuminate\\Container\\BoundMethod::callBoundMethod()
#4 /var/www/html/project-e-commerce/laravel/vendor/laravel/framework/src/Illuminate/Container/Container.php(653): Illuminate\\Container\\BoundMethod::call()
#5 /var/www/html/project-e-commerce/laravel/vendor/laravel/framework/src/Illuminate/Database/Seeder.php(149): Illuminate\\Container\\Container->call()
#6 /var/www/html/project-e-commerce/laravel/vendor/laravel/framework/src/Illuminate/Database/Seeder.php(49): Illuminate\\Database\\Seeder->__invoke()
#7 /var/www/html/project-e-commerce/laravel/database/seeders/DatabaseSeeder.php(17): Illuminate\\Database\\Seeder->call()
#8 /var/www/html/project-e-commerce/laravel/vendor/laravel/framework/src/Illuminate/Container/BoundMethod.php(36): Database\\Seeders\\DatabaseSeeder->run()
#9 /var/www/html/project-e-commerce/laravel/vendor/laravel/framework/src/Illuminate/Container/Util.php(40): Illuminate\\Container\\BoundMethod::Illuminate\\Container\\{closure}()
#10 /var/www/html/project-e-commerce/laravel/vendor/laravel/framework/src/Illuminate/Container/BoundMethod.php(93): Illuminate\\Container\\Util::unwrapIfClosure()
#11 /var/www/html/project-e-commerce/laravel/vendor/laravel/framework/src/Illuminate/Container/BoundMethod.php(35): Illuminate\\Container\\BoundMethod::callBoundMethod()
#12 /var/www/html/project-e-commerce/laravel/vendor/laravel/framework/src/Illuminate/Container/Container.php(653): Illuminate\\Container\\BoundMethod::call()
#13 /var/www/html/project-e-commerce/laravel/vendor/laravel/framework/src/Illuminate/Database/Seeder.php(149): Illuminate\\Container\\Container->call()
#14 /var/www/html/project-e-commerce/laravel/vendor/laravel/framework/src/Illuminate/Database/Console/Seeds/SeedCommand.php(66): Illuminate\\Database\\Seeder->__invoke()
#15 /var/www/html/project-e-commerce/laravel/vendor/laravel/framework/src/Illuminate/Database/Eloquent/Concerns/GuardsAttributes.php(157): Illuminate\\Database\\Console\\Seeds\\SeedCommand->Illuminate\\Database\\Console\\Seeds\\{closure}()
#16 /var/www/html/project-e-commerce/laravel/vendor/laravel/framework/src/Illuminate/Database/Console/Seeds/SeedCommand.php(65): Illuminate\\Database\\Eloquent\\Model::unguarded()
#17 /var/www/html/project-e-commerce/laravel/vendor/laravel/framework/src/Illuminate/Container/BoundMethod.php(36): Illuminate\\Database\\Console\\Seeds\\SeedCommand->handle()
#18 /var/www/html/project-e-commerce/laravel/vendor/laravel/framework/src/Illuminate/Container/Util.php(40): Illuminate\\Container\\BoundMethod::Illuminate\\Container\\{closure}()
#19 /var/www/html/project-e-commerce/laravel/vendor/laravel/framework/src/Illuminate/Container/BoundMethod.php(93): Illuminate\\Container\\Util::unwrapIfClosure()
#20 /var/www/html/project-e-commerce/laravel/vendor/laravel/framework/src/Illuminate/Container/BoundMethod.php(35): Illuminate\\Container\\BoundMethod::callBoundMethod()
#21 /var/www/html/project-e-commerce/laravel/vendor/laravel/framework/src/Illuminate/Container/Container.php(653): Illuminate\\Container\\BoundMethod::call()
#22 /var/www/html/project-e-commerce/laravel/vendor/laravel/framework/src/Illuminate/Console/Command.php(136): Illuminate\\Container\\Container->call()
#23 /var/www/html/project-e-commerce/laravel/vendor/symfony/console/Command/Command.php(298): Illuminate\\Console\\Command->execute()
#24 /var/www/html/project-e-commerce/laravel/vendor/laravel/framework/src/Illuminate/Console/Command.php(120): Symfony\\Component\\Console\\Command\\Command->run()
#25 /var/www/html/project-e-commerce/laravel/vendor/laravel/framework/src/Illuminate/Console/Concerns/CallsCommands.php(67): Illuminate\\Console\\Command->run()
#26 /var/www/html/project-e-commerce/laravel/vendor/laravel/framework/src/Illuminate/Console/Concerns/CallsCommands.php(28): Illuminate\\Console\\Command->runCommand()
#27 /var/www/html/project-e-commerce/laravel/vendor/laravel/framework/src/Illuminate/Database/Console/Migrations/FreshCommand.php(89): Illuminate\\Console\\Command->call()
#28 /var/www/html/project-e-commerce/laravel/vendor/laravel/framework/src/Illuminate/Database/Console/Migrations/FreshCommand.php(65): Illuminate\\Database\\Console\\Migrations\\FreshCommand->runSeeder()
#29 /var/www/html/project-e-commerce/laravel/vendor/laravel/framework/src/Illuminate/Container/BoundMethod.php(36): Illuminate\\Database\\Console\\Migrations\\FreshCommand->handle()
#30 /var/www/html/project-e-commerce/laravel/vendor/laravel/framework/src/Illuminate/Container/Util.php(40): Illuminate\\Container\\BoundMethod::Illuminate\\Container\\{closure}()
#31 /var/www/html/project-e-commerce/laravel/vendor/laravel/framework/src/Illuminate/Container/BoundMethod.php(93): Illuminate\\Container\\Util::unwrapIfClosure()
#32 /var/www/html/project-e-commerce/laravel/vendor/laravel/framework/src/Illuminate/Container/BoundMethod.php(35): Illuminate\\Container\\BoundMethod::callBoundMethod()
#33 /var/www/html/project-e-commerce/laravel/vendor/laravel/framework/src/Illuminate/Container/Container.php(653): Illuminate\\Container\\BoundMethod::call()
#34 /var/www/html/project-e-commerce/laravel/vendor/laravel/framework/src/Illuminate/Console/Command.php(136): Illuminate\\Container\\Container->call()
#35 /var/www/html/project-e-commerce/laravel/vendor/symfony/console/Command/Command.php(298): Illuminate\\Console\\Command->execute()
#36 /var/www/html/project-e-commerce/laravel/vendor/laravel/framework/src/Illuminate/Console/Command.php(120): Symfony\\Component\\Console\\Command\\Command->run()
#37 /var/www/html/project-e-commerce/laravel/vendor/symfony/console/Application.php(1040): Illuminate\\Console\\Command->run()
#38 /var/www/html/project-e-commerce/laravel/vendor/symfony/console/Application.php(301): Symfony\\Component\\Console\\Application->doRunCommand()
#39 /var/www/html/project-e-commerce/laravel/vendor/symfony/console/Application.php(171): Symfony\\Component\\Console\\Application->doRun()
#40 /var/www/html/project-e-commerce/laravel/vendor/laravel/framework/src/Illuminate/Console/Application.php(94): Symfony\\Component\\Console\\Application->run()
#41 /var/www/html/project-e-commerce/laravel/vendor/laravel/framework/src/Illuminate/Foundation/Console/Kernel.php(129): Illuminate\\Console\\Application->run()
#42 /var/www/html/project-e-commerce/laravel/artisan(35): Illuminate\\Foundation\\Console\\Kernel->handle()
#43 {main}
"} 
[2025-03-17 15:32:27] local.ERROR: syntax error, unexpected token ":", expecting ";" {"exception":"[object] (ParseError(code: 0): syntax error, unexpected token \":\", expecting \";\" at /var/www/html/project-e-commerce/laravel/app/Http/Controllers/AccueilController.php:10)
[stacktrace]
#0 /var/www/html/project-e-commerce/laravel/vendor/composer/ClassLoader.php(427): Composer\\Autoload\\{closure}()
#1 [internal function]: Composer\\Autoload\\ClassLoader->loadClass()
#2 /var/www/html/project-e-commerce/laravel/vendor/laravel/framework/src/Illuminate/Container/Container.php(877): ReflectionClass->__construct()
#3 /var/www/html/project-e-commerce/laravel/vendor/laravel/framework/src/Illuminate/Container/Container.php(758): Illuminate\\Container\\Container->build()
#4 /var/www/html/project-e-commerce/laravel/vendor/laravel/framework/src/Illuminate/Foundation/Application.php(853): Illuminate\\Container\\Container->resolve()
#5 /var/www/html/project-e-commerce/laravel/vendor/laravel/framework/src/Illuminate/Container/Container.php(694): Illuminate\\Foundation\\Application->resolve()
#6 /var/www/html/project-e-commerce/laravel/vendor/laravel/framework/src/Illuminate/Foundation/Application.php(838): Illuminate\\Container\\Container->make()
#7 /var/www/html/project-e-commerce/laravel/vendor/laravel/framework/src/Illuminate/Routing/Route.php(276): Illuminate\\Foundation\\Application->make()
#8 /var/www/html/project-e-commerce/laravel/vendor/laravel/framework/src/Illuminate/Routing/Route.php(1080): Illuminate\\Routing\\Route->getController()
#9 /var/www/html/project-e-commerce/laravel/vendor/laravel/framework/src/Illuminate/Routing/Route.php(1023): Illuminate\\Routing\\Route->controllerMiddleware()
#10 /var/www/html/project-e-commerce/laravel/vendor/laravel/framework/src/Illuminate/Routing/Router.php(734): Illuminate\\Routing\\Route->gatherMiddleware()
#11 /var/www/html/project-e-commerce/laravel/vendor/laravel/framework/src/Illuminate/Routing/Router.php(714): Illuminate\\Routing\\Router->gatherRouteMiddleware()
#12 /var/www/html/project-e-commerce/laravel/vendor/laravel/framework/src/Illuminate/Routing/Router.php(698): Illuminate\\Routing\\Router->runRouteWithinStack()
#13 /var/www/html/project-e-commerce/laravel/vendor/laravel/framework/src/Illuminate/Routing/Router.php(662): Illuminate\\Routing\\Router->runRoute()
#14 /var/www/html/project-e-commerce/laravel/vendor/laravel/framework/src/Illuminate/Routing/Router.php(651): Illuminate\\Routing\\Router->dispatchToRoute()
#15 /var/www/html/project-e-commerce/laravel/vendor/laravel/framework/src/Illuminate/Foundation/Http/Kernel.php(167): Illuminate\\Routing\\Router->dispatch()
#16 /var/www/html/project-e-commerce/laravel/vendor/laravel/framework/src/Illuminate/Pipeline/Pipeline.php(128): Illuminate\\Foundation\\Http\\Kernel->Illuminate\\Foundation\\Http\\{closure}()
#17 /var/www/html/project-e-commerce/laravel/vendor/laravel/framework/src/Illuminate/Foundation/Http/Middleware/TransformsRequest.php(21): Illuminate\\Pipeline\\Pipeline->Illuminate\\Pipeline\\{closure}()
#18 /var/www/html/project-e-commerce/laravel/vendor/laravel/framework/src/Illuminate/Foundation/Http/Middleware/ConvertEmptyStringsToNull.php(31): Illuminate\\Foundation\\Http\\Middleware\\TransformsRequest->handle()
#19 /var/www/html/project-e-commerce/laravel/vendor/laravel/framework/src/Illuminate/Pipeline/Pipeline.php(167): Illuminate\\Foundation\\Http\\Middleware\\ConvertEmptyStringsToNull->handle()
#20 /var/www/html/project-e-commerce/laravel/vendor/laravel/framework/src/Illuminate/Foundation/Http/Middleware/TransformsRequest.php(21): Illuminate\\Pipeline\\Pipeline->Illuminate\\Pipeline\\{closure}()
#21 /var/www/html/project-e-commerce/laravel/vendor/laravel/framework/src/Illuminate/Foundation/Http/Middleware/TrimStrings.php(40): Illuminate\\Foundation\\Http\\Middleware\\TransformsRequest->handle()
#22 /var/www/html/project-e-commerce/laravel/vendor/laravel/framework/src/Illuminate/Pipeline/Pipeline.php(167): Illuminate\\Foundation\\Http\\Middleware\\TrimStrings->handle()
#23 /var/www/html/project-e-commerce/laravel/vendor/laravel/framework/src/Illuminate/Foundation/Http/Middleware/ValidatePostSize.php(27): Illuminate\\Pipeline\\Pipeline->Illuminate\\Pipeline\\{closure}()
#24 /var/www/html/project-e-commerce/laravel/vendor/laravel/framework/src/Illuminate/Pipeline/Pipeline.php(167): Illuminate\\Foundation\\Http\\Middleware\\ValidatePostSize->handle()
#25 /var/www/html/project-e-commerce/laravel/vendor/laravel/framework/src/Illuminate/Foundation/Http/Middleware/PreventRequestsDuringMaintenance.php(86): Illuminate\\Pipeline\\Pipeline->Illuminate\\Pipeline\\{closure}()
#26 /var/www/html/project-e-commerce/laravel/vendor/laravel/framework/src/Illuminate/Pipeline/Pipeline.php(167): Illuminate\\Foundation\\Http\\Middleware\\PreventRequestsDuringMaintenance->handle()
#27 /var/www/html/project-e-commerce/laravel/vendor/fruitcake/laravel-cors/src/HandleCors.php(38): Illuminate\\Pipeline\\Pipeline->Illuminate\\Pipeline\\{closure}()
#28 /var/www/html/project-e-commerce/laravel/vendor/laravel/framework/src/Illuminate/Pipeline/Pipeline.php(167): Fruitcake\\Cors\\HandleCors->handle()
#29 /var/www/html/project-e-commerce/laravel/vendor/laravel/framework/src/Illuminate/Http/Middleware/TrustProxies.php(39): Illuminate\\Pipeline\\Pipeline->Illuminate\\Pipeline\\{closure}()
#30 /var/www/html/project-e-commerce/laravel/vendor/laravel/framework/src/Illuminate/Pipeline/Pipeline.php(167): Illuminate\\Http\\Middleware\\TrustProxies->handle()
#31 /var/www/html/project-e-commerce/laravel/vendor/laravel/framework/src/Illuminate/Pipeline/Pipeline.php(103): Illuminate\\Pipeline\\Pipeline->Illuminate\\Pipeline\\{closure}()
#32 /var/www/html/project-e-commerce/laravel/vendor/laravel/framework/src/Illuminate/Foundation/Http/Kernel.php(142): Illuminate\\Pipeline\\Pipeline->then()
#33 /var/www/html/project-e-commerce/laravel/vendor/laravel/framework/src/Illuminate/Foundation/Http/Kernel.php(111): Illuminate\\Foundation\\Http\\Kernel->sendRequestThroughRouter()
#34 /var/www/html/project-e-commerce/laravel/public/index.php(51): Illuminate\\Foundation\\Http\\Kernel->handle()
#35 /var/www/html/project-e-commerce/laravel/server.php(21): require_once('...')
#36 {main}
"} 
